[debug] [2022-01-19T10:23:18.005Z] ----------------------------------------------------------------------
[debug] [2022-01-19T10:23:18.007Z] Command:       C:\Program Files\nodejs\node.exe C:\Users\CHAMA COMPUTERS\AppData\Roaming\npm\node_modules\firebase-tools\lib\bin\firebase.js deploy
[debug] [2022-01-19T10:23:18.007Z] CLI Version:   10.1.0
[debug] [2022-01-19T10:23:18.007Z] Platform:      win32
[debug] [2022-01-19T10:23:18.007Z] Node Version:  v16.6.1
[debug] [2022-01-19T10:23:18.019Z] Time:          Wed Jan 19 2022 15:53:18 GMT+0530 (India Standard Time)
[debug] [2022-01-19T10:23:18.019Z] ----------------------------------------------------------------------
[debug] 
[debug] [2022-01-19T10:23:18.065Z] > command requires scopes: ["email","openid","https://www.googleapis.com/auth/cloudplatformprojects.readonly","https://www.googleapis.com/auth/firebase","https://www.googleapis.com/auth/cloud-platform"]
[debug] [2022-01-19T10:23:18.065Z] > authorizing via signed-in user (madusankah897@gmail.com)
[debug] [2022-01-19T10:23:18.065Z] [iam] checking project nft-website-3d for permissions ["firebase.projects.get","firebasehosting.sites.update"]
[debug] [2022-01-19T10:23:18.067Z] > refreshing access token with scopes: ["email","https://www.googleapis.com/auth/cloud-platform","https://www.googleapis.com/auth/cloudplatformprojects.readonly","https://www.googleapis.com/auth/firebase","openid"]
[debug] [2022-01-19T10:23:18.067Z] >>> HTTP REQUEST POST https://www.googleapis.com/oauth2/v3/token  
 <request body omitted>
[debug] [2022-01-19T10:23:18.843Z] <<< HTTP RESPONSE 200 {"pragma":"no-cache","cache-control":"no-cache, no-store, max-age=0, must-revalidate","date":"Wed, 19 Jan 2022 10:23:18 GMT","expires":"Mon, 01 Jan 1990 00:00:00 GMT","content-type":"application/json; charset=utf-8","vary":"X-Origin, Referer, Origin,Accept-Encoding","server":"scaffolding on HTTPServer2","x-xss-protection":"0","x-frame-options":"SAMEORIGIN","x-content-type-options":"nosniff","alt-svc":"h3=\":443\"; ma=2592000,h3-29=\":443\"; ma=2592000,h3-Q050=\":443\"; ma=2592000,h3-Q046=\":443\"; ma=2592000,h3-Q043=\":443\"; ma=2592000,quic=\":443\"; ma=2592000; v=\"46,43\"","accept-ranges":"none","transfer-encoding":"chunked"}
[debug] [2022-01-19T10:23:18.849Z] >>> HTTP REQUEST POST https://cloudresourcemanager.googleapis.com/v1/projects/nft-website-3d:testIamPermissions  
 {"permissions":["firebase.projects.get","firebasehosting.sites.update"]}
[debug] [2022-01-19T10:23:20.168Z] <<< HTTP RESPONSE 200 {"content-type":"application/json; charset=UTF-8","vary":"X-Origin, Referer, Origin,Accept-Encoding","date":"Wed, 19 Jan 2022 10:23:19 GMT","server":"ESF","cache-control":"private","x-xss-protection":"0","x-frame-options":"SAMEORIGIN","x-content-type-options":"nosniff","server-timing":"gfet4t7; dur=603","alt-svc":"h3=\":443\"; ma=2592000,h3-29=\":443\"; ma=2592000,h3-Q050=\":443\"; ma=2592000,h3-Q046=\":443\"; ma=2592000,h3-Q043=\":443\"; ma=2592000,quic=\":443\"; ma=2592000; v=\"46,43\"","accept-ranges":"none","transfer-encoding":"chunked"}
[debug] [2022-01-19T10:23:20.169Z] > refreshing access token with scopes: []
[debug] [2022-01-19T10:23:20.169Z] >>> HTTP REQUEST POST https://www.googleapis.com/oauth2/v3/token  
 <request body omitted>
[debug] [2022-01-19T10:23:20.878Z] <<< HTTP RESPONSE 200 {"cache-control":"no-cache, no-store, max-age=0, must-revalidate","expires":"Mon, 01 Jan 1990 00:00:00 GMT","pragma":"no-cache","date":"Wed, 19 Jan 2022 10:23:20 GMT","content-type":"application/json; charset=utf-8","vary":"X-Origin, Referer, Origin,Accept-Encoding","server":"scaffolding on HTTPServer2","x-xss-protection":"0","x-frame-options":"SAMEORIGIN","x-content-type-options":"nosniff","alt-svc":"h3=\":443\"; ma=2592000,h3-29=\":443\"; ma=2592000,h3-Q050=\":443\"; ma=2592000,h3-Q046=\":443\"; ma=2592000,h3-Q043=\":443\"; ma=2592000,quic=\":443\"; ma=2592000; v=\"46,43\"","accept-ranges":"none","transfer-encoding":"chunked"}
[debug] [2022-01-19T10:23:20.885Z] >>> [apiv2][query] GET https://firebase.googleapis.com/v1beta1/projects/nft-website-3d [none]
[debug] [2022-01-19T10:23:21.749Z] <<< [apiv2][status] GET https://firebase.googleapis.com/v1beta1/projects/nft-website-3d 200
[debug] [2022-01-19T10:23:21.749Z] <<< [apiv2][body] GET https://firebase.googleapis.com/v1beta1/projects/nft-website-3d {"projectId":"nft-website-3d","projectNumber":"160222431670","displayName":"nft-website-3d","name":"projects/nft-website-3d","resources":{"hostingSite":"nft-website-3d"},"state":"ACTIVE"}
[info] 
[info] === Deploying to 'nft-website-3d'...
[info] 
[info] i  deploying hosting 
[debug] [2022-01-19T10:23:21.752Z] > refreshing access token with scopes: ["email","https://www.googleapis.com/auth/cloud-platform","https://www.googleapis.com/auth/cloudplatformprojects.readonly","https://www.googleapis.com/auth/firebase","openid"]
[debug] [2022-01-19T10:23:21.752Z] >>> HTTP REQUEST POST https://www.googleapis.com/oauth2/v3/token  
 <request body omitted>
[debug] [2022-01-19T10:23:22.479Z] <<< HTTP RESPONSE 200 {"pragma":"no-cache","date":"Wed, 19 Jan 2022 10:23:22 GMT","cache-control":"no-cache, no-store, max-age=0, must-revalidate","expires":"Mon, 01 Jan 1990 00:00:00 GMT","content-type":"application/json; charset=utf-8","vary":"X-Origin, Referer, Origin,Accept-Encoding","server":"scaffolding on HTTPServer2","x-xss-protection":"0","x-frame-options":"SAMEORIGIN","x-content-type-options":"nosniff","alt-svc":"h3=\":443\"; ma=2592000,h3-29=\":443\"; ma=2592000,h3-Q050=\":443\"; ma=2592000,h3-Q046=\":443\"; ma=2592000,h3-Q043=\":443\"; ma=2592000,quic=\":443\"; ma=2592000; v=\"46,43\"","accept-ranges":"none","transfer-encoding":"chunked"}
[debug] [2022-01-19T10:23:22.485Z] >>> HTTP REQUEST POST https://firebasehosting.googleapis.com/v1beta1/sites/nft-website-3d/versions  
 {"config":{"rewrites":[{"glob":"**","path":"/index.html"}]},"labels":{"deployment-tool":"cli-firebase"}}
[debug] [2022-01-19T10:23:24.632Z] <<< HTTP RESPONSE 200 {"content-type":"application/json; charset=UTF-8","vary":"X-Origin, Referer, Origin,Accept-Encoding","date":"Wed, 19 Jan 2022 10:23:24 GMT","server":"ESF","cache-control":"private","x-xss-protection":"0","x-frame-options":"SAMEORIGIN","x-content-type-options":"nosniff","alt-svc":"h3=\":443\"; ma=2592000,h3-29=\":443\"; ma=2592000,h3-Q050=\":443\"; ma=2592000,h3-Q046=\":443\"; ma=2592000,h3-Q043=\":443\"; ma=2592000,quic=\":443\"; ma=2592000; v=\"46,43\"","accept-ranges":"none","transfer-encoding":"chunked"}
[info] i  hosting[nft-website-3d]: beginning deploy... 
[info] i  hosting[nft-website-3d]: found 20 files in build 
[debug] [2022-01-19T10:23:24.652Z] > refreshing access token with scopes: []
[debug] [2022-01-19T10:23:24.652Z] >>> HTTP REQUEST POST https://www.googleapis.com/oauth2/v3/token  
 <request body omitted>
[debug] [2022-01-19T10:23:24.654Z] [hosting] hash cache [YnVpbGQ] stored for 20 files
[debug] [2022-01-19T10:23:24.654Z] [hosting][hash queue][FINAL] {"max":2,"min":0,"avg":0,"active":0,"complete":20,"success":20,"errored":0,"retried":0,"total":20,"elapsed":4}
[debug] [2022-01-19T10:23:25.371Z] <<< HTTP RESPONSE 200 {"expires":"Mon, 01 Jan 1990 00:00:00 GMT","pragma":"no-cache","cache-control":"no-cache, no-store, max-age=0, must-revalidate","date":"Wed, 19 Jan 2022 10:23:25 GMT","content-type":"application/json; charset=utf-8","vary":"X-Origin, Referer, Origin,Accept-Encoding","server":"scaffolding on HTTPServer2","x-xss-protection":"0","x-frame-options":"SAMEORIGIN","x-content-type-options":"nosniff","alt-svc":"h3=\":443\"; ma=2592000,h3-29=\":443\"; ma=2592000,h3-Q050=\":443\"; ma=2592000,h3-Q046=\":443\"; ma=2592000,h3-Q043=\":443\"; ma=2592000,quic=\":443\"; ma=2592000; v=\"46,43\"","accept-ranges":"none","transfer-encoding":"chunked"}
[debug] [2022-01-19T10:23:25.377Z] >>> [apiv2][query] POST https://firebasehosting.googleapis.com/v1beta1/sites/nft-website-3d/versions/01a48f4d32f1d2c8:populateFiles [none]
[debug] [2022-01-19T10:23:25.377Z] >>> [apiv2][body] POST https://firebasehosting.googleapis.com/v1beta1/sites/nft-website-3d/versions/01a48f4d32f1d2c8:populateFiles {"files":{"/apartment-model.gltf":"a24ad1d3e0c577c807fcdaa056ce0143f054b182fd70c926de31b93d6aee8737","/asset-manifest.json":"d85f27e7123fd029af6a332f27f15ddbf68dee0ceb715dc2a8eefa945bb636d3","/favicon.ico":"eae62e993eb980ec8a25058c39d5a51feab118bd2100c4deebb2a9c158ec11f9","/index.html":"5061cf4c1195ac268983393ea32d0f0e9889723d43240ead572c8ce0f14cc489","/logo192.png":"3ee59515172ee198f3be375979df15ac5345183e656720a381b8872b2a39dc8b","/logo512.png":"ee7e2f3fdb8209c4b6fd7bef6ba50d1b9dba30a25bb5c3126df057e1cb6f5331","/manifest.json":"aff3449bdc238776f5d6d967f19ec491b36aed5fb7f23ccff6500736fd58494a","/robots.txt":"bfe106a3fb878dc83461c86818bf74fc1bdc7f28538ba613cd3e775516ce8b49","/static/css/main.8065c0a3.css":"47a05c3a7786f9b63dc4aa44a14ec4e22ae13ca1b1c236257636b66f09e59e8a","/static/css/main.8065c0a3.css.map":"6b0793f49fa2e884e90d643908c6c6588dd22205474262955c8a67fd433a047a","/static/js/787.bd60253b.chunk.js":"3196f010eecdc360b3a7b4ad6a4280b1e052febcb495202ca7c7dd380a05c774","/static/js/787.bd60253b.chunk.js.map":"5f866433968b4ab14f88fef319ccb943357a212b707f172b8399492281f29941","/static/js/main.afe840e9.js":"0d2cbeef0edaa18b0e1a284afed5847573e38191fba25a49f6b9b0752e23ceb8","/static/js/main.afe840e9.js.LICENSE.txt":"e4cbf10c379c6620ebcb6402e87d2a2c44ca7fba078e6fef57aba843d2ff80a4","/static/js/main.afe840e9.js.map":"fa731df069af5687743e169a2f70eeaf94899e96d5f84dc695109adbb683ddce","/static/media/apartment.3b2eed376b20fa00cdee.glb":"c6fb5c01aef1fd7149f9f5b6fbb2292aefd20400617f5c29e67d08d9b22bb10c","/static/media/bitcoin.7973bf6f27097bb820f8.glb":"e9ab11e941a0b3c0f5a8316009b9f160e7069cb6d0ad1a045164500f4f4b7cc2","/static/media/iphone.1e950281839026e9b3a3.glb":"64f3b8ffe519909e49e532618d67748a7d2e33f64339d5f0cf87647c2a0e35ce","/static/media/logo.bfd71bace5638088c62a.png":"08ff101c139f4edf3f1139d89f1d14c11e90fc526a3f0959baf9f7017710af26","/static/media/voucher.e7a50ecbd0aa16cd9158.png":"6ec9947bfa6bfcb101d5e8f03737c21419a9b9bb8d9f911922808f5ebb4ef459"}}
[debug] [2022-01-19T10:23:26.908Z] <<< [apiv2][status] POST https://firebasehosting.googleapis.com/v1beta1/sites/nft-website-3d/versions/01a48f4d32f1d2c8:populateFiles 200
[debug] [2022-01-19T10:23:26.908Z] <<< [apiv2][body] POST https://firebasehosting.googleapis.com/v1beta1/sites/nft-website-3d/versions/01a48f4d32f1d2c8:populateFiles {"uploadRequiredHashes":["64f3b8ffe519909e49e532618d67748a7d2e33f64339d5f0cf87647c2a0e35ce","e9ab11e941a0b3c0f5a8316009b9f160e7069cb6d0ad1a045164500f4f4b7cc2"],"uploadUrl":"https://upload-firebasehosting.googleapis.com/upload/sites/nft-website-3d/versions/01a48f4d32f1d2c8/files"}
[debug] [2022-01-19T10:23:26.909Z] >>> [apiv2][query] POST https://upload-firebasehosting.googleapis.com/upload/sites/nft-website-3d/versions/01a48f4d32f1d2c8/files/64f3b8ffe519909e49e532618d67748a7d2e33f64339d5f0cf87647c2a0e35ce [none]
[debug] [2022-01-19T10:23:26.909Z] >>> [apiv2][body] POST https://upload-firebasehosting.googleapis.com/upload/sites/nft-website-3d/versions/01a48f4d32f1d2c8/files/64f3b8ffe519909e49e532618d67748a7d2e33f64339d5f0cf87647c2a0e35ce [stream]
[debug] [2022-01-19T10:23:26.910Z] >>> [apiv2][query] POST https://upload-firebasehosting.googleapis.com/upload/sites/nft-website-3d/versions/01a48f4d32f1d2c8/files/e9ab11e941a0b3c0f5a8316009b9f160e7069cb6d0ad1a045164500f4f4b7cc2 [none]
[debug] [2022-01-19T10:23:26.910Z] >>> [apiv2][body] POST https://upload-firebasehosting.googleapis.com/upload/sites/nft-website-3d/versions/01a48f4d32f1d2c8/files/e9ab11e941a0b3c0f5a8316009b9f160e7069cb6d0ad1a045164500f4f4b7cc2 [stream]
[debug] [2022-01-19T10:23:26.911Z] [hosting][populate queue][FINAL] {"max":2257,"min":2257,"avg":2257,"active":0,"complete":1,"success":1,"errored":0,"retried":0,"total":1,"elapsed":2259}
[debug] [2022-01-19T10:23:26.911Z] [hosting] uploads queued: 2
[debug] [2022-01-19T10:24:39.332Z] [uploadQueue] Retrying task e9ab11e941a0b3c0f5a8316009b9f160e7069cb6d0ad1a045164500f4f4b7cc2
[debug] [2022-01-19T10:24:39.333Z] >>> [apiv2][query] POST https://upload-firebasehosting.googleapis.com/upload/sites/nft-website-3d/versions/01a48f4d32f1d2c8/files/e9ab11e941a0b3c0f5a8316009b9f160e7069cb6d0ad1a045164500f4f4b7cc2 [none]
[debug] [2022-01-19T10:24:39.333Z] >>> [apiv2][body] POST https://upload-firebasehosting.googleapis.com/upload/sites/nft-website-3d/versions/01a48f4d32f1d2c8/files/e9ab11e941a0b3c0f5a8316009b9f160e7069cb6d0ad1a045164500f4f4b7cc2 [stream]
[debug] [2022-01-19T10:24:47.170Z] [uploadQueue] Retrying task 64f3b8ffe519909e49e532618d67748a7d2e33f64339d5f0cf87647c2a0e35ce
[debug] [2022-01-19T10:24:47.171Z] >>> [apiv2][query] POST https://upload-firebasehosting.googleapis.com/upload/sites/nft-website-3d/versions/01a48f4d32f1d2c8/files/64f3b8ffe519909e49e532618d67748a7d2e33f64339d5f0cf87647c2a0e35ce [none]
[debug] [2022-01-19T10:24:47.171Z] >>> [apiv2][body] POST https://upload-firebasehosting.googleapis.com/upload/sites/nft-website-3d/versions/01a48f4d32f1d2c8/files/64f3b8ffe519909e49e532618d67748a7d2e33f64339d5f0cf87647c2a0e35ce [stream]
[debug] [2022-01-19T10:25:52.154Z] [uploadQueue] Retrying task e9ab11e941a0b3c0f5a8316009b9f160e7069cb6d0ad1a045164500f4f4b7cc2
[debug] [2022-01-19T10:25:52.154Z] >>> [apiv2][query] POST https://upload-firebasehosting.googleapis.com/upload/sites/nft-website-3d/versions/01a48f4d32f1d2c8/files/e9ab11e941a0b3c0f5a8316009b9f160e7069cb6d0ad1a045164500f4f4b7cc2 [none]
[debug] [2022-01-19T10:25:52.154Z] >>> [apiv2][body] POST https://upload-firebasehosting.googleapis.com/upload/sites/nft-website-3d/versions/01a48f4d32f1d2c8/files/e9ab11e941a0b3c0f5a8316009b9f160e7069cb6d0ad1a045164500f4f4b7cc2 [stream]
[debug] [2022-01-19T10:26:07.833Z] [uploadQueue] Retrying task 64f3b8ffe519909e49e532618d67748a7d2e33f64339d5f0cf87647c2a0e35ce
[debug] [2022-01-19T10:26:07.834Z] >>> [apiv2][query] POST https://upload-firebasehosting.googleapis.com/upload/sites/nft-website-3d/versions/01a48f4d32f1d2c8/files/64f3b8ffe519909e49e532618d67748a7d2e33f64339d5f0cf87647c2a0e35ce [none]
[debug] [2022-01-19T10:26:07.834Z] >>> [apiv2][body] POST https://upload-firebasehosting.googleapis.com/upload/sites/nft-website-3d/versions/01a48f4d32f1d2c8/files/64f3b8ffe519909e49e532618d67748a7d2e33f64339d5f0cf87647c2a0e35ce [stream]
[debug] [2022-01-19T10:27:11.379Z] ----------------------------------------------------------------------
[debug] [2022-01-19T10:27:11.380Z] Command:       C:\Program Files\nodejs\node.exe C:\Users\CHAMA COMPUTERS\AppData\Roaming\npm\node_modules\firebase-tools\lib\bin\firebase.js deploy
[debug] [2022-01-19T10:27:11.381Z] CLI Version:   10.1.0
[debug] [2022-01-19T10:27:11.381Z] Platform:      win32
[debug] [2022-01-19T10:27:11.381Z] Node Version:  v16.6.1
[debug] [2022-01-19T10:27:11.381Z] Time:          Wed Jan 19 2022 15:57:11 GMT+0530 (India Standard Time)
[debug] [2022-01-19T10:27:11.381Z] ----------------------------------------------------------------------
[debug] 
[debug] [2022-01-19T10:27:11.429Z] > command requires scopes: ["email","openid","https://www.googleapis.com/auth/cloudplatformprojects.readonly","https://www.googleapis.com/auth/firebase","https://www.googleapis.com/auth/cloud-platform"]
[debug] [2022-01-19T10:27:11.430Z] > authorizing via signed-in user (madusankah897@gmail.com)
[debug] [2022-01-19T10:27:11.430Z] [iam] checking project nft-website-3d for permissions ["firebase.projects.get","firebasehosting.sites.update"]
[debug] [2022-01-19T10:27:11.431Z] > refreshing access token with scopes: ["email","https://www.googleapis.com/auth/cloud-platform","https://www.googleapis.com/auth/cloudplatformprojects.readonly","https://www.googleapis.com/auth/firebase","openid"]
[debug] [2022-01-19T10:27:11.432Z] >>> HTTP REQUEST POST https://www.googleapis.com/oauth2/v3/token  
 <request body omitted>
[debug] [2022-01-19T10:27:12.172Z] <<< HTTP RESPONSE 200 {"cache-control":"no-cache, no-store, max-age=0, must-revalidate","expires":"Mon, 01 Jan 1990 00:00:00 GMT","date":"Wed, 19 Jan 2022 10:27:11 GMT","pragma":"no-cache","content-type":"application/json; charset=utf-8","vary":"X-Origin, Referer, Origin,Accept-Encoding","server":"scaffolding on HTTPServer2","x-xss-protection":"0","x-frame-options":"SAMEORIGIN","x-content-type-options":"nosniff","alt-svc":"h3=\":443\"; ma=2592000,h3-29=\":443\"; ma=2592000,h3-Q050=\":443\"; ma=2592000,h3-Q046=\":443\"; ma=2592000,h3-Q043=\":443\"; ma=2592000,quic=\":443\"; ma=2592000; v=\"46,43\"","accept-ranges":"none","transfer-encoding":"chunked"}
[debug] [2022-01-19T10:27:12.179Z] >>> HTTP REQUEST POST https://cloudresourcemanager.googleapis.com/v1/projects/nft-website-3d:testIamPermissions  
 {"permissions":["firebase.projects.get","firebasehosting.sites.update"]}
[debug] [2022-01-19T10:27:13.328Z] <<< HTTP RESPONSE 200 {"content-type":"application/json; charset=UTF-8","vary":"X-Origin, Referer, Origin,Accept-Encoding","date":"Wed, 19 Jan 2022 10:27:13 GMT","server":"ESF","cache-control":"private","x-xss-protection":"0","x-frame-options":"SAMEORIGIN","x-content-type-options":"nosniff","server-timing":"gfet4t7; dur=612","alt-svc":"h3=\":443\"; ma=2592000,h3-29=\":443\"; ma=2592000,h3-Q050=\":443\"; ma=2592000,h3-Q046=\":443\"; ma=2592000,h3-Q043=\":443\"; ma=2592000,quic=\":443\"; ma=2592000; v=\"46,43\"","accept-ranges":"none","transfer-encoding":"chunked"}
[debug] [2022-01-19T10:27:13.329Z] > refreshing access token with scopes: []
[debug] [2022-01-19T10:27:13.330Z] >>> HTTP REQUEST POST https://www.googleapis.com/oauth2/v3/token  
 <request body omitted>
[debug] [2022-01-19T10:27:13.889Z] <<< HTTP RESPONSE 200 {"date":"Wed, 19 Jan 2022 10:27:13 GMT","cache-control":"no-cache, no-store, max-age=0, must-revalidate","pragma":"no-cache","expires":"Mon, 01 Jan 1990 00:00:00 GMT","content-type":"application/json; charset=utf-8","vary":"X-Origin, Referer, Origin,Accept-Encoding","server":"scaffolding on HTTPServer2","x-xss-protection":"0","x-frame-options":"SAMEORIGIN","x-content-type-options":"nosniff","alt-svc":"h3=\":443\"; ma=2592000,h3-29=\":443\"; ma=2592000,h3-Q050=\":443\"; ma=2592000,h3-Q046=\":443\"; ma=2592000,h3-Q043=\":443\"; ma=2592000,quic=\":443\"; ma=2592000; v=\"46,43\"","accept-ranges":"none","transfer-encoding":"chunked"}
[debug] [2022-01-19T10:27:13.896Z] >>> [apiv2][query] GET https://firebase.googleapis.com/v1beta1/projects/nft-website-3d [none]
[debug] [2022-01-19T10:27:14.818Z] <<< [apiv2][status] GET https://firebase.googleapis.com/v1beta1/projects/nft-website-3d 200
[debug] [2022-01-19T10:27:14.818Z] <<< [apiv2][body] GET https://firebase.googleapis.com/v1beta1/projects/nft-website-3d {"projectId":"nft-website-3d","projectNumber":"160222431670","displayName":"nft-website-3d","name":"projects/nft-website-3d","resources":{"hostingSite":"nft-website-3d"},"state":"ACTIVE"}
[info] 
[info] === Deploying to 'nft-website-3d'...
[info] 
[info] i  deploying hosting 
[debug] [2022-01-19T10:27:14.821Z] > refreshing access token with scopes: ["email","https://www.googleapis.com/auth/cloud-platform","https://www.googleapis.com/auth/cloudplatformprojects.readonly","https://www.googleapis.com/auth/firebase","openid"]
[debug] [2022-01-19T10:27:14.821Z] >>> HTTP REQUEST POST https://www.googleapis.com/oauth2/v3/token  
 <request body omitted>
[debug] [2022-01-19T10:27:15.546Z] <<< HTTP RESPONSE 200 {"pragma":"no-cache","date":"Wed, 19 Jan 2022 10:27:15 GMT","cache-control":"no-cache, no-store, max-age=0, must-revalidate","expires":"Mon, 01 Jan 1990 00:00:00 GMT","content-type":"application/json; charset=utf-8","vary":"X-Origin, Referer, Origin,Accept-Encoding","server":"scaffolding on HTTPServer2","x-xss-protection":"0","x-frame-options":"SAMEORIGIN","x-content-type-options":"nosniff","alt-svc":"h3=\":443\"; ma=2592000,h3-29=\":443\"; ma=2592000,h3-Q050=\":443\"; ma=2592000,h3-Q046=\":443\"; ma=2592000,h3-Q043=\":443\"; ma=2592000,quic=\":443\"; ma=2592000; v=\"46,43\"","accept-ranges":"none","transfer-encoding":"chunked"}
[debug] [2022-01-19T10:27:15.551Z] >>> HTTP REQUEST POST https://firebasehosting.googleapis.com/v1beta1/sites/nft-website-3d/versions  
 {"config":{"rewrites":[{"glob":"**","path":"/index.html"}]},"labels":{"deployment-tool":"cli-firebase"}}
[debug] [2022-01-19T10:27:17.358Z] <<< HTTP RESPONSE 200 {"content-type":"application/json; charset=UTF-8","vary":"X-Origin, Referer, Origin,Accept-Encoding","date":"Wed, 19 Jan 2022 10:27:17 GMT","server":"ESF","cache-control":"private","x-xss-protection":"0","x-frame-options":"SAMEORIGIN","x-content-type-options":"nosniff","alt-svc":"h3=\":443\"; ma=2592000,h3-29=\":443\"; ma=2592000,h3-Q050=\":443\"; ma=2592000,h3-Q046=\":443\"; ma=2592000,h3-Q043=\":443\"; ma=2592000,quic=\":443\"; ma=2592000; v=\"46,43\"","accept-ranges":"none","transfer-encoding":"chunked"}
[info] i  hosting[nft-website-3d]: beginning deploy... 
[info] i  hosting[nft-website-3d]: found 20 files in build 
[debug] [2022-01-19T10:27:17.394Z] > refreshing access token with scopes: []
[debug] [2022-01-19T10:27:17.394Z] >>> HTTP REQUEST POST https://www.googleapis.com/oauth2/v3/token  
 <request body omitted>
[debug] [2022-01-19T10:27:17.395Z] [hosting] hash cache [YnVpbGQ] stored for 20 files
[debug] [2022-01-19T10:27:17.395Z] [hosting][hash queue][FINAL] {"max":2,"min":0,"avg":0,"active":0,"complete":20,"success":20,"errored":0,"retried":0,"total":20,"elapsed":4}
[debug] [2022-01-19T10:27:18.114Z] <<< HTTP RESPONSE 200 {"date":"Wed, 19 Jan 2022 10:27:17 GMT","cache-control":"no-cache, no-store, max-age=0, must-revalidate","expires":"Mon, 01 Jan 1990 00:00:00 GMT","pragma":"no-cache","content-type":"application/json; charset=utf-8","vary":"X-Origin, Referer, Origin,Accept-Encoding","server":"scaffolding on HTTPServer2","x-xss-protection":"0","x-frame-options":"SAMEORIGIN","x-content-type-options":"nosniff","alt-svc":"h3=\":443\"; ma=2592000,h3-29=\":443\"; ma=2592000,h3-Q050=\":443\"; ma=2592000,h3-Q046=\":443\"; ma=2592000,h3-Q043=\":443\"; ma=2592000,quic=\":443\"; ma=2592000; v=\"46,43\"","accept-ranges":"none","transfer-encoding":"chunked"}
[debug] [2022-01-19T10:27:18.134Z] >>> [apiv2][query] POST https://firebasehosting.googleapis.com/v1beta1/sites/nft-website-3d/versions/07be5dd88342f7f1:populateFiles [none]
[debug] [2022-01-19T10:27:18.134Z] >>> [apiv2][body] POST https://firebasehosting.googleapis.com/v1beta1/sites/nft-website-3d/versions/07be5dd88342f7f1:populateFiles {"files":{"/apartment-model.gltf":"a24ad1d3e0c577c807fcdaa056ce0143f054b182fd70c926de31b93d6aee8737","/asset-manifest.json":"d85f27e7123fd029af6a332f27f15ddbf68dee0ceb715dc2a8eefa945bb636d3","/favicon.ico":"eae62e993eb980ec8a25058c39d5a51feab118bd2100c4deebb2a9c158ec11f9","/index.html":"5061cf4c1195ac268983393ea32d0f0e9889723d43240ead572c8ce0f14cc489","/logo192.png":"3ee59515172ee198f3be375979df15ac5345183e656720a381b8872b2a39dc8b","/logo512.png":"ee7e2f3fdb8209c4b6fd7bef6ba50d1b9dba30a25bb5c3126df057e1cb6f5331","/manifest.json":"aff3449bdc238776f5d6d967f19ec491b36aed5fb7f23ccff6500736fd58494a","/robots.txt":"bfe106a3fb878dc83461c86818bf74fc1bdc7f28538ba613cd3e775516ce8b49","/static/css/main.8065c0a3.css":"47a05c3a7786f9b63dc4aa44a14ec4e22ae13ca1b1c236257636b66f09e59e8a","/static/css/main.8065c0a3.css.map":"6b0793f49fa2e884e90d643908c6c6588dd22205474262955c8a67fd433a047a","/static/js/787.bd60253b.chunk.js":"3196f010eecdc360b3a7b4ad6a4280b1e052febcb495202ca7c7dd380a05c774","/static/js/787.bd60253b.chunk.js.map":"5f866433968b4ab14f88fef319ccb943357a212b707f172b8399492281f29941","/static/js/main.afe840e9.js":"0d2cbeef0edaa18b0e1a284afed5847573e38191fba25a49f6b9b0752e23ceb8","/static/js/main.afe840e9.js.LICENSE.txt":"e4cbf10c379c6620ebcb6402e87d2a2c44ca7fba078e6fef57aba843d2ff80a4","/static/js/main.afe840e9.js.map":"fa731df069af5687743e169a2f70eeaf94899e96d5f84dc695109adbb683ddce","/static/media/apartment.3b2eed376b20fa00cdee.glb":"c6fb5c01aef1fd7149f9f5b6fbb2292aefd20400617f5c29e67d08d9b22bb10c","/static/media/bitcoin.7973bf6f27097bb820f8.glb":"e9ab11e941a0b3c0f5a8316009b9f160e7069cb6d0ad1a045164500f4f4b7cc2","/static/media/iphone.1e950281839026e9b3a3.glb":"64f3b8ffe519909e49e532618d67748a7d2e33f64339d5f0cf87647c2a0e35ce","/static/media/logo.bfd71bace5638088c62a.png":"08ff101c139f4edf3f1139d89f1d14c11e90fc526a3f0959baf9f7017710af26","/static/media/voucher.e7a50ecbd0aa16cd9158.png":"6ec9947bfa6bfcb101d5e8f03737c21419a9b9bb8d9f911922808f5ebb4ef459"}}
[info] i  hosting: adding files to version [0/20] (0%) 
[debug] [2022-01-19T10:27:19.746Z] <<< [apiv2][status] POST https://firebasehosting.googleapis.com/v1beta1/sites/nft-website-3d/versions/07be5dd88342f7f1:populateFiles 200
[debug] [2022-01-19T10:27:19.746Z] <<< [apiv2][body] POST https://firebasehosting.googleapis.com/v1beta1/sites/nft-website-3d/versions/07be5dd88342f7f1:populateFiles {"uploadRequiredHashes":["e9ab11e941a0b3c0f5a8316009b9f160e7069cb6d0ad1a045164500f4f4b7cc2","64f3b8ffe519909e49e532618d67748a7d2e33f64339d5f0cf87647c2a0e35ce"],"uploadUrl":"https://upload-firebasehosting.googleapis.com/upload/sites/nft-website-3d/versions/07be5dd88342f7f1/files"}
[debug] [2022-01-19T10:27:19.747Z] >>> [apiv2][query] POST https://upload-firebasehosting.googleapis.com/upload/sites/nft-website-3d/versions/07be5dd88342f7f1/files/e9ab11e941a0b3c0f5a8316009b9f160e7069cb6d0ad1a045164500f4f4b7cc2 [none]
[debug] [2022-01-19T10:27:19.747Z] >>> [apiv2][body] POST https://upload-firebasehosting.googleapis.com/upload/sites/nft-website-3d/versions/07be5dd88342f7f1/files/e9ab11e941a0b3c0f5a8316009b9f160e7069cb6d0ad1a045164500f4f4b7cc2 [stream]
[debug] [2022-01-19T10:27:19.748Z] >>> [apiv2][query] POST https://upload-firebasehosting.googleapis.com/upload/sites/nft-website-3d/versions/07be5dd88342f7f1/files/64f3b8ffe519909e49e532618d67748a7d2e33f64339d5f0cf87647c2a0e35ce [none]
[debug] [2022-01-19T10:27:19.748Z] >>> [apiv2][body] POST https://upload-firebasehosting.googleapis.com/upload/sites/nft-website-3d/versions/07be5dd88342f7f1/files/64f3b8ffe519909e49e532618d67748a7d2e33f64339d5f0cf87647c2a0e35ce [stream]
[debug] [2022-01-19T10:27:19.749Z] [hosting][populate queue][FINAL] {"max":2354,"min":2354,"avg":2354,"active":0,"complete":1,"success":1,"errored":0,"retried":0,"total":1,"elapsed":2356}
[debug] [2022-01-19T10:27:19.749Z] [hosting] uploads queued: 2
[info] i  hosting: uploading new files [0/2] (0%) 
[info] i  hosting: uploading new files [0/2] (0%) 
[info] i  hosting: uploading new files [0/2] (0%) 
[info] i  hosting: uploading new files [0/2] (0%) 
[info] i  hosting: uploading new files [0/2] (0%) 
[info] i  hosting: uploading new files [0/2] (0%) 
[info] i  hosting: uploading new files [0/2] (0%) 
[info] i  hosting: uploading new files [0/2] (0%) 
[info] i  hosting: uploading new files [0/2] (0%) 
[info] i  hosting: uploading new files [0/2] (0%) 
[info] i  hosting: uploading new files [0/2] (0%) 
[info] i  hosting: uploading new files [0/2] (0%) 
[info] i  hosting: uploading new files [0/2] (0%) 
[info] i  hosting: uploading new files [0/2] (0%) 
[info] i  hosting: uploading new files [0/2] (0%) 
[info] i  hosting: uploading new files [0/2] (0%) 
[info] i  hosting: uploading new files [0/2] (0%) 
[info] i  hosting: uploading new files [0/2] (0%) 
[info] i  hosting: uploading new files [0/2] (0%) 
[info] i  hosting: uploading new files [0/2] (0%) 
[info] i  hosting: uploading new files [0/2] (0%) 
[info] i  hosting: uploading new files [0/2] (0%) 
[info] i  hosting: uploading new files [0/2] (0%) 
[info] i  hosting: uploading new files [0/2] (0%) 
[info] i  hosting: uploading new files [0/2] (0%) 
[info] i  hosting: uploading new files [0/2] (0%) 
[info] i  hosting: uploading new files [0/2] (0%) 
[info] i  hosting: uploading new files [0/2] (0%) 
[info] i  hosting: uploading new files [0/2] (0%) 
[info] i  hosting: uploading new files [0/2] (0%) 
[info] i  hosting: uploading new files [0/2] (0%) 
[info] i  hosting: uploading new files [0/2] (0%) 
[info] i  hosting: uploading new files [0/2] (0%) 
[info] i  hosting: uploading new files [0/2] (0%) 
[info] i  hosting: uploading new files [0/2] (0%) 
[info] i  hosting: uploading new files [0/2] (0%) 
[debug] [2022-01-19T10:28:32.168Z] [uploadQueue] Retrying task e9ab11e941a0b3c0f5a8316009b9f160e7069cb6d0ad1a045164500f4f4b7cc2
[debug] [2022-01-19T10:28:32.169Z] >>> [apiv2][query] POST https://upload-firebasehosting.googleapis.com/upload/sites/nft-website-3d/versions/07be5dd88342f7f1/files/e9ab11e941a0b3c0f5a8316009b9f160e7069cb6d0ad1a045164500f4f4b7cc2 [none]
[debug] [2022-01-19T10:28:32.169Z] >>> [apiv2][body] POST https://upload-firebasehosting.googleapis.com/upload/sites/nft-website-3d/versions/07be5dd88342f7f1/files/e9ab11e941a0b3c0f5a8316009b9f160e7069cb6d0ad1a045164500f4f4b7cc2 [stream]
[info] i  hosting: uploading new files [0/2] (0%) 
[info] i  hosting: uploading new files [0/2] (0%) 
[info] i  hosting: uploading new files [0/2] (0%) 
[info] i  hosting: uploading new files [0/2] (0%) 
[debug] [2022-01-19T10:28:40.008Z] [uploadQueue] Retrying task 64f3b8ffe519909e49e532618d67748a7d2e33f64339d5f0cf87647c2a0e35ce
[debug] [2022-01-19T10:28:40.010Z] >>> [apiv2][query] POST https://upload-firebasehosting.googleapis.com/upload/sites/nft-website-3d/versions/07be5dd88342f7f1/files/64f3b8ffe519909e49e532618d67748a7d2e33f64339d5f0cf87647c2a0e35ce [none]
[debug] [2022-01-19T10:28:40.010Z] >>> [apiv2][body] POST https://upload-firebasehosting.googleapis.com/upload/sites/nft-website-3d/versions/07be5dd88342f7f1/files/64f3b8ffe519909e49e532618d67748a7d2e33f64339d5f0cf87647c2a0e35ce [stream]
[info] i  hosting: uploading new files [0/2] (0%) 
[info] i  hosting: uploading new files [0/2] (0%) 
[info] i  hosting: uploading new files [0/2] (0%) 
[info] i  hosting: uploading new files [0/2] (0%) 
[info] i  hosting: uploading new files [0/2] (0%) 
[info] i  hosting: uploading new files [0/2] (0%) 
[info] i  hosting: uploading new files [0/2] (0%) 
[info] i  hosting: uploading new files [0/2] (0%) 
[info] i  hosting: uploading new files [0/2] (0%) 
[info] i  hosting: uploading new files [0/2] (0%) 
[info] i  hosting: uploading new files [0/2] (0%) 
[info] i  hosting: uploading new files [0/2] (0%) 
[info] i  hosting: uploading new files [0/2] (0%) 
[info] i  hosting: uploading new files [0/2] (0%) 
[info] i  hosting: uploading new files [0/2] (0%) 
[info] i  hosting: uploading new files [0/2] (0%) 
[info] i  hosting: uploading new files [0/2] (0%) 
[info] i  hosting: uploading new files [0/2] (0%) 
[info] i  hosting: uploading new files [0/2] (0%) 
[info] i  hosting: uploading new files [0/2] (0%) 
[info] i  hosting: uploading new files [0/2] (0%) 
[info] i  hosting: uploading new files [0/2] (0%) 
[info] i  hosting: uploading new files [0/2] (0%) 
[info] i  hosting: uploading new files [0/2] (0%) 
[info] i  hosting: uploading new files [0/2] (0%) 
[info] i  hosting: uploading new files [0/2] (0%) 
[info] i  hosting: uploading new files [0/2] (0%) 
[info] i  hosting: uploading new files [0/2] (0%) 
[info] i  hosting: uploading new files [0/2] (0%) 
[info] i  hosting: uploading new files [0/2] (0%) 
[info] i  hosting: uploading new files [0/2] (0%) 
[info] i  hosting: uploading new files [0/2] (0%) 
[debug] [2022-01-19T10:29:44.989Z] [uploadQueue] Retrying task e9ab11e941a0b3c0f5a8316009b9f160e7069cb6d0ad1a045164500f4f4b7cc2
[debug] [2022-01-19T10:29:44.989Z] >>> [apiv2][query] POST https://upload-firebasehosting.googleapis.com/upload/sites/nft-website-3d/versions/07be5dd88342f7f1/files/e9ab11e941a0b3c0f5a8316009b9f160e7069cb6d0ad1a045164500f4f4b7cc2 [none]
[debug] [2022-01-19T10:29:44.989Z] >>> [apiv2][body] POST https://upload-firebasehosting.googleapis.com/upload/sites/nft-website-3d/versions/07be5dd88342f7f1/files/e9ab11e941a0b3c0f5a8316009b9f160e7069cb6d0ad1a045164500f4f4b7cc2 [stream]
[info] i  hosting: uploading new files [0/2] (0%) 
[info] i  hosting: uploading new files [0/2] (0%) 
[info] i  hosting: uploading new files [0/2] (0%) 
[info] i  hosting: uploading new files [0/2] (0%) 
[info] i  hosting: uploading new files [0/2] (0%) 
[info] i  hosting: uploading new files [0/2] (0%) 
[info] i  hosting: uploading new files [0/2] (0%) 
[info] i  hosting: uploading new files [0/2] (0%) 
[debug] [2022-01-19T10:30:00.672Z] [uploadQueue] Retrying task 64f3b8ffe519909e49e532618d67748a7d2e33f64339d5f0cf87647c2a0e35ce
[debug] [2022-01-19T10:30:00.673Z] >>> [apiv2][query] POST https://upload-firebasehosting.googleapis.com/upload/sites/nft-website-3d/versions/07be5dd88342f7f1/files/64f3b8ffe519909e49e532618d67748a7d2e33f64339d5f0cf87647c2a0e35ce [none]
[debug] [2022-01-19T10:30:00.673Z] >>> [apiv2][body] POST https://upload-firebasehosting.googleapis.com/upload/sites/nft-website-3d/versions/07be5dd88342f7f1/files/64f3b8ffe519909e49e532618d67748a7d2e33f64339d5f0cf87647c2a0e35ce [stream]
[info] i  hosting: uploading new files [0/2] (0%) 
[info] i  hosting: uploading new files [0/2] (0%) 
[info] i  hosting: uploading new files [0/2] (0%) 
[info] i  hosting: uploading new files [0/2] (0%) 
[info] i  hosting: uploading new files [0/2] (0%) 
[info] i  hosting: uploading new files [0/2] (0%) 
[info] i  hosting: uploading new files [0/2] (0%) 
[info] i  hosting: uploading new files [0/2] (0%) 
[info] i  hosting: uploading new files [0/2] (0%) 
[info] i  hosting: uploading new files [0/2] (0%) 
[info] i  hosting: uploading new files [0/2] (0%) 
[info] i  hosting: uploading new files [0/2] (0%) 
[info] i  hosting: uploading new files [0/2] (0%) 
